2021-01-14 18:39:12.291 [info] <0.43.0> Application lager started on node nonode@nohost
2021-01-14 18:39:12.312 [info] <0.43.0> Application xmerl started on node nonode@nohost
2021-01-14 18:39:12.341 [info] <0.43.0> Application sasl started on node nonode@nohost
2021-01-14 18:39:12.349 [info] <0.43.0> Application tools started on node nonode@nohost
2021-01-14 18:39:12.354 [info] <0.43.0> Application jsx started on node nonode@nohost
2021-01-14 18:39:12.372 [info] <0.43.0> Application ranch started on node nonode@nohost
2021-01-14 18:39:12.377 [info] <0.43.0> Application recon started on node nonode@nohost
2021-01-14 18:39:12.428 [info] <0.43.0> Application credentials_obfuscation started on node nonode@nohost
2021-01-14 18:39:12.428 [info] <0.43.0> Application rabbit_common started on node nonode@nohost
2021-01-14 18:39:12.440 [info] <0.43.0> Application amqp_client started on node nonode@nohost
2021-01-14 18:39:12.440 [info] <0.43.0> Application amqp started on node nonode@nohost
2021-01-14 18:39:12.449 [info] <0.43.0> Application connection started on node nonode@nohost
2021-01-14 18:39:12.454 [info] <0.43.0> Application decimal started on node nonode@nohost
2021-01-14 18:39:12.471 [info] <0.43.0> Application db_connection started on node nonode@nohost
2021-01-14 18:39:12.488 [info] <0.43.0> Application postgrex started on node nonode@nohost
2021-01-14 18:39:12.501 [info] <0.43.0> Application ecto started on node nonode@nohost
2021-01-14 18:39:12.504 [info] <0.43.0> Application ecto_sql started on node nonode@nohost
2021-01-14 18:39:12.506 [info] <0.43.0> Application phoenix_html started on node nonode@nohost
2021-01-14 18:39:12.515 [info] <0.43.0> Application cowlib started on node nonode@nohost
2021-01-14 18:39:12.530 [info] <0.43.0> Application cowboy started on node nonode@nohost
2021-01-14 18:39:12.535 [info] <0.43.0> Application cowboy_telemetry started on node nonode@nohost
2021-01-14 18:39:12.538 [info] <0.43.0> Application plug_cowboy started on node nonode@nohost
2021-01-14 18:39:12.543 [info] <0.43.0> Application phoenix_live_view started on node nonode@nohost
2021-01-14 18:39:12.552 [info] <0.43.0> Application phoenix_live_dashboard started on node nonode@nohost
2021-01-14 18:39:12.557 [info] <0.43.0> Application file_system started on node nonode@nohost
2021-01-14 18:39:12.578 [info] <0.43.0> Application phoenix_live_reload started on node nonode@nohost
2021-01-14 18:39:12.581 [info] <0.43.0> Application phoenix_ecto started on node nonode@nohost
2021-01-14 18:39:12.659 [info] <0.43.0> Application demo started on node nonode@nohost
2021-01-14 19:12:05.266 [info] <0.43.0> Application lager started on node nonode@nohost
2021-01-14 19:12:05.276 [info] <0.43.0> Application xmerl started on node nonode@nohost
2021-01-14 19:12:05.309 [info] <0.43.0> Application sasl started on node nonode@nohost
2021-01-14 19:12:05.323 [info] <0.43.0> Application tools started on node nonode@nohost
2021-01-14 19:12:05.330 [info] <0.43.0> Application jsx started on node nonode@nohost
2021-01-14 19:12:05.347 [info] <0.43.0> Application ranch started on node nonode@nohost
2021-01-14 19:12:05.351 [info] <0.43.0> Application recon started on node nonode@nohost
2021-01-14 19:12:05.411 [info] <0.43.0> Application credentials_obfuscation started on node nonode@nohost
2021-01-14 19:12:05.411 [info] <0.43.0> Application rabbit_common started on node nonode@nohost
2021-01-14 19:12:05.424 [info] <0.43.0> Application amqp_client started on node nonode@nohost
2021-01-14 19:12:05.428 [info] <0.43.0> Application amqp started on node nonode@nohost
2021-01-14 19:12:05.436 [info] <0.43.0> Application connection started on node nonode@nohost
2021-01-14 19:12:05.444 [info] <0.43.0> Application decimal started on node nonode@nohost
2021-01-14 19:12:05.462 [info] <0.43.0> Application db_connection started on node nonode@nohost
2021-01-14 19:12:05.486 [info] <0.43.0> Application postgrex started on node nonode@nohost
2021-01-14 19:12:05.497 [info] <0.43.0> Application ecto started on node nonode@nohost
2021-01-14 19:12:05.499 [info] <0.43.0> Application ecto_sql started on node nonode@nohost
2021-01-14 19:12:05.502 [info] <0.43.0> Application phoenix_html started on node nonode@nohost
2021-01-14 19:12:05.520 [info] <0.43.0> Application cowlib started on node nonode@nohost
2021-01-14 19:12:05.526 [info] <0.43.0> Application cowboy started on node nonode@nohost
2021-01-14 19:12:05.531 [info] <0.43.0> Application cowboy_telemetry started on node nonode@nohost
2021-01-14 19:12:05.534 [info] <0.43.0> Application plug_cowboy started on node nonode@nohost
2021-01-14 19:12:05.545 [info] <0.43.0> Application phoenix_live_view started on node nonode@nohost
2021-01-14 19:12:05.561 [info] <0.43.0> Application phoenix_live_dashboard started on node nonode@nohost
2021-01-14 19:12:05.567 [info] <0.43.0> Application file_system started on node nonode@nohost
2021-01-14 19:12:05.634 [info] <0.43.0> Application phoenix_live_reload started on node nonode@nohost
2021-01-14 19:12:05.638 [info] <0.43.0> Application phoenix_ecto started on node nonode@nohost
2021-01-14 19:12:05.726 [info] <0.43.0> Application demo started on node nonode@nohost
2021-01-14 19:35:51.192 [info] <0.43.0> Application lager started on node nonode@nohost
2021-01-14 19:35:51.207 [info] <0.43.0> Application xmerl started on node nonode@nohost
2021-01-14 19:35:51.236 [info] <0.43.0> Application sasl started on node nonode@nohost
2021-01-14 19:35:51.247 [info] <0.43.0> Application tools started on node nonode@nohost
2021-01-14 19:35:51.256 [info] <0.43.0> Application jsx started on node nonode@nohost
2021-01-14 19:35:51.289 [info] <0.43.0> Application ranch started on node nonode@nohost
2021-01-14 19:35:51.302 [info] <0.43.0> Application recon started on node nonode@nohost
2021-01-14 19:35:51.360 [info] <0.43.0> Application credentials_obfuscation started on node nonode@nohost
2021-01-14 19:35:51.360 [info] <0.43.0> Application rabbit_common started on node nonode@nohost
2021-01-14 19:35:51.370 [info] <0.43.0> Application amqp_client started on node nonode@nohost
2021-01-14 19:35:51.374 [info] <0.43.0> Application amqp started on node nonode@nohost
2021-01-14 19:35:51.383 [info] <0.43.0> Application connection started on node nonode@nohost
2021-01-14 19:35:51.388 [info] <0.43.0> Application decimal started on node nonode@nohost
2021-01-14 19:35:51.406 [info] <0.43.0> Application db_connection started on node nonode@nohost
2021-01-14 19:35:51.439 [info] <0.43.0> Application postgrex started on node nonode@nohost
2021-01-14 19:35:51.453 [info] <0.43.0> Application ecto started on node nonode@nohost
2021-01-14 19:35:51.455 [info] <0.43.0> Application ecto_sql started on node nonode@nohost
2021-01-14 19:35:51.459 [info] <0.43.0> Application phoenix_html started on node nonode@nohost
2021-01-14 19:35:51.469 [info] <0.43.0> Application cowlib started on node nonode@nohost
2021-01-14 19:35:51.477 [info] <0.43.0> Application cowboy started on node nonode@nohost
2021-01-14 19:35:51.482 [info] <0.43.0> Application cowboy_telemetry started on node nonode@nohost
2021-01-14 19:35:51.487 [info] <0.43.0> Application plug_cowboy started on node nonode@nohost
2021-01-14 19:35:51.491 [info] <0.43.0> Application phoenix_live_view started on node nonode@nohost
2021-01-14 19:35:51.502 [info] <0.43.0> Application phoenix_live_dashboard started on node nonode@nohost
2021-01-14 19:35:51.510 [info] <0.43.0> Application file_system started on node nonode@nohost
2021-01-14 19:35:51.541 [info] <0.43.0> Application phoenix_live_reload started on node nonode@nohost
2021-01-14 19:35:51.547 [info] <0.43.0> Application phoenix_ecto started on node nonode@nohost
2021-01-14 19:35:51.680 [info] <0.43.0> Application demo started on node nonode@nohost
2021-01-14 20:01:10.945 [info] <0.43.0> Application lager started on node nonode@nohost
2021-01-14 20:01:10.958 [info] <0.43.0> Application xmerl started on node nonode@nohost
2021-01-14 20:01:10.991 [info] <0.43.0> Application sasl started on node nonode@nohost
2021-01-14 20:01:11.001 [info] <0.43.0> Application tools started on node nonode@nohost
2021-01-14 20:01:11.006 [info] <0.43.0> Application jsx started on node nonode@nohost
2021-01-14 20:01:11.015 [info] <0.43.0> Application ranch started on node nonode@nohost
2021-01-14 20:01:11.023 [info] <0.43.0> Application recon started on node nonode@nohost
2021-01-14 20:01:11.071 [info] <0.43.0> Application credentials_obfuscation started on node nonode@nohost
2021-01-14 20:01:11.072 [info] <0.43.0> Application rabbit_common started on node nonode@nohost
2021-01-14 20:01:11.083 [info] <0.43.0> Application amqp_client started on node nonode@nohost
2021-01-14 20:01:11.085 [info] <0.43.0> Application amqp started on node nonode@nohost
2021-01-14 20:01:11.095 [info] <0.43.0> Application connection started on node nonode@nohost
2021-01-14 20:01:11.104 [info] <0.43.0> Application decimal started on node nonode@nohost
2021-01-14 20:01:11.122 [info] <0.43.0> Application db_connection started on node nonode@nohost
2021-01-14 20:01:11.147 [info] <0.43.0> Application postgrex started on node nonode@nohost
2021-01-14 20:01:11.161 [info] <0.43.0> Application ecto started on node nonode@nohost
2021-01-14 20:01:11.164 [info] <0.43.0> Application ecto_sql started on node nonode@nohost
2021-01-14 20:01:11.168 [info] <0.43.0> Application phoenix_html started on node nonode@nohost
2021-01-14 20:01:11.179 [info] <0.43.0> Application cowlib started on node nonode@nohost
2021-01-14 20:01:11.192 [info] <0.43.0> Application cowboy started on node nonode@nohost
2021-01-14 20:01:11.195 [info] <0.43.0> Application cowboy_telemetry started on node nonode@nohost
2021-01-14 20:01:11.198 [info] <0.43.0> Application plug_cowboy started on node nonode@nohost
2021-01-14 20:01:11.207 [info] <0.43.0> Application phoenix_live_view started on node nonode@nohost
2021-01-14 20:01:11.219 [info] <0.43.0> Application phoenix_live_dashboard started on node nonode@nohost
2021-01-14 20:01:11.227 [info] <0.43.0> Application file_system started on node nonode@nohost
2021-01-14 20:01:11.255 [info] <0.43.0> Application phoenix_live_reload started on node nonode@nohost
2021-01-14 20:01:11.258 [info] <0.43.0> Application phoenix_ecto started on node nonode@nohost
2021-01-14 20:01:11.387 [info] <0.43.0> Application demo started on node nonode@nohost
